============================= test session starts ==============================
platform linux -- Python 3.12.3, pytest-9.1.1, pluggy-1.6.0
rootdir: /mnt/ssd/PROJECTS/QAADE5/library-pipeline-template
configfile: pyproject.toml
testpaths: tests
plugins: Faker-40.23.0, cov-7.1.0
collected 8 items

tests/test_cleaning.py ...                                               [ 37%]
tests/test_example.py .                                                  [ 50%]
tests/test_ingestion.py ...                                              [ 87%]
tests/test_validation.py .                                               [100%]

================================ tests coverage ================================
_______________ coverage: platform linux, python 3.12.3-final-0 ________________

Name                                Stmts   Miss  Cover   Missing
-----------------------------------------------------------------
src/data_processing/cleaning.py        11      6    45%   19-20, 25-26, 31-32
src/data_processing/ingestion.py       35     26    26%   27, 41-43, 67-95
src/data_processing/validation.py       2      1    50%   18
-----------------------------------------------------------------
TOTAL                                  48     33    31%
============================== 8 passed in 1.04s ===============================
